<?xml version="1.0" encoding="UTF-8"?>
<!-- Generated by org.testng.reporters.JUnitXMLReporter -->
<testsuite ignored="4" hostname="LTIN189629" failures="0" tests="24" name="CHROME" time="274.443" errors="0" timestamp="2024-02-29T17:17:39 IST">
  <testcase classname="testCase.TC_001_WebDevelopmentTest" name="validate_home_page" time="0.39"/>
  <testcase classname="testCase.TC_001_WebDevelopmentTest" name="validate_course_search" time="11.346"/>
  <testcase classname="testCase.TC_001_WebDevelopmentTest" name="validate_language" time="3.702"/>
  <testcase classname="testCase.TC_001_WebDevelopmentTest" name="validate_level" time="3.725"/>
  <testcase classname="testCase.TC_001_WebDevelopmentTest" name="validate_course1" time="17.577"/>
  <testcase classname="testCase.TC_001_WebDevelopmentTest" name="validate_course2" time="11.743"/>
  <testcase classname="testCase.TC_002_LanguageLearningTest" name="validate_language_learning_search" time="3.055"/>
  <testcase classname="testCase.TC_002_LanguageLearningTest" name="validate_language" time="3.671"/>
  <testcase classname="testCase.TC_002_LanguageLearningTest" name="validate_level" time="0.579"/>
  <testcase classname="testCase.TC_003_ReadyToTransformTest" name="verify_coursera_page" time="22.114"/>
  <testcase classname="testCase.TC_003_ReadyToTransformTest" name="verify_enterprise_page" time="13.112"/>
  <testcase classname="testCase.TC_003_ReadyToTransformTest" name="verify_products" time="8.464"/>
  <testcase classname="testCase.TC_003_ReadyToTransformTest" name="validate_campus_page" time="0.161"/>
  <testcase classname="testCase.TC_003_ReadyToTransformTest" name="validate_first_name" time="0.442"/>
  <testcase classname="testCase.TC_003_ReadyToTransformTest" name="validate_last_name" time="0.457"/>
  <testcase classname="testCase.TC_003_ReadyToTransformTest" name="validate_institution_type" time="0.258"/>
  <testcase classname="testCase.TC_003_ReadyToTransformTest" name="validate_institution_name" time="0.291"/>
  <testcase classname="testCase.TC_003_ReadyToTransformTest" name="validate_job_role" time="0.293"/>
  <testcase classname="testCase.TC_003_ReadyToTransformTest" name="validate_department" time="3.346"/>
  <testcase classname="testCase.TC_003_ReadyToTransformTest" name="validate_description" time="0.253"/>
  <testcase classname="testCase.TC_003_ReadyToTransformTest" name="validate_country" time="30.391"/>
  <testcase classname="testCase.TC_003_ReadyToTransformTest" name="validate_input" time="35.216"/>
  <testcase classname="testCase.TC_003_ReadyToTransformTest" name="validate_input" time="34.817"/>
  <testcase classname="testCase.TC_003_ReadyToTransformTest" name="validate_input" time="35.018"/>
  <testcase classname="testBase.BaseClass" name="@BeforeTest setUp" time="0.0">
    <ignored/>
  </testcase> <!-- @BeforeTest setUp -->
  <testcase classname="testBase.BaseClass" name="@AfterTest tearDown" time="0.0">
    <ignored/>
  </testcase> <!-- @AfterTest tearDown -->
  <testcase classname="testBase.BaseClass" name="@BeforeTest setUp" time="0.0">
    <ignored/>
  </testcase> <!-- @BeforeTest setUp -->
  <testcase classname="testBase.BaseClass" name="@AfterTest tearDown" time="0.0">
    <ignored/>
  </testcase> <!-- @AfterTest tearDown -->
</testsuite> <!-- CHROME -->
