<?xml version="1.0" encoding="UTF-8"?>
<!-- Generated by org.testng.reporters.JUnitXMLReporter -->
<testsuite ignored="4" hostname="LTIN189629" failures="0" tests="24" name="CHROME" time="197.333" errors="0" timestamp="2024-02-29T12:55:56 IST">
  <testcase classname="testCase.TC_001_WebDevelopmentTest" name="validate_home_page" time="0.543"/>
  <testcase classname="testCase.TC_001_WebDevelopmentTest" name="validate_course_search" time="10.812"/>
  <testcase classname="testCase.TC_001_WebDevelopmentTest" name="validate_language" time="4.208"/>
  <testcase classname="testCase.TC_001_WebDevelopmentTest" name="validate_level" time="4.02"/>
  <testcase classname="testCase.TC_001_WebDevelopmentTest" name="validate_course1" time="18.56"/>
  <testcase classname="testCase.TC_001_WebDevelopmentTest" name="validate_course2" time="12.445"/>
  <testcase classname="testCase.TC_002_LanguageLearningTest" name="validate_language_learning_search" time="3.164"/>
  <testcase classname="testCase.TC_002_LanguageLearningTest" name="validate_language" time="4.128"/>
  <testcase classname="testCase.TC_002_LanguageLearningTest" name="validate_level" time="0.786"/>
  <testcase classname="testCase.TC_003_ReadyToTransformTest" name="verify_coursera_page" time="25.73"/>
  <testcase classname="testCase.TC_003_ReadyToTransformTest" name="verify_enterprise_page" time="11.915"/>
  <testcase classname="testCase.TC_003_ReadyToTransformTest" name="verify_products" time="9.155"/>
  <testcase classname="testCase.TC_003_ReadyToTransformTest" name="validate_campus_page" time="0.205"/>
  <testcase classname="testCase.TC_003_ReadyToTransformTest" name="validate_first_name" time="0.375"/>
  <testcase classname="testCase.TC_003_ReadyToTransformTest" name="validate_last_name" time="0.348"/>
  <testcase classname="testCase.TC_003_ReadyToTransformTest" name="validate_institution_type" time="0.312"/>
  <testcase classname="testCase.TC_003_ReadyToTransformTest" name="validate_institution_name" time="0.291"/>
  <testcase classname="testCase.TC_003_ReadyToTransformTest" name="validate_job_role" time="0.277"/>
  <testcase classname="testCase.TC_003_ReadyToTransformTest" name="validate_department" time="3.246"/>
  <testcase classname="testCase.TC_003_ReadyToTransformTest" name="validate_description" time="0.221"/>
  <testcase classname="testCase.TC_003_ReadyToTransformTest" name="validate_country" time="30.353"/>
  <testcase classname="testCase.TC_003_ReadyToTransformTest" name="validate_input" time="3.929"/>
  <testcase classname="testCase.TC_003_ReadyToTransformTest" name="validate_input" time="4.359"/>
  <testcase classname="testCase.TC_003_ReadyToTransformTest" name="validate_input" time="3.97"/>
  <testcase classname="testBase.BaseClass" name="@BeforeTest setUp" time="0.0">
    <ignored/>
  </testcase> <!-- @BeforeTest setUp -->
  <testcase classname="testBase.BaseClass" name="@AfterTest tearDown" time="0.0">
    <ignored/>
  </testcase> <!-- @AfterTest tearDown -->
  <testcase classname="testBase.BaseClass" name="@AfterTest tearDown" time="0.0">
    <ignored/>
  </testcase> <!-- @AfterTest tearDown -->
  <testcase classname="testBase.BaseClass" name="@BeforeTest setUp" time="0.0">
    <ignored/>
  </testcase> <!-- @BeforeTest setUp -->
</testsuite> <!-- CHROME -->
