<?xml version="1.0" encoding="UTF-8"?>
<testng-results ignored="0" total="24" passed="24" failed="0" skipped="0">
  <reporter-output>
  </reporter-output>
  <suite started-at="2024-02-29T12:52:27 IST" name="Suite" finished-at="2024-02-29T12:55:44 IST" duration-ms="197333">
    <groups>
    </groups>
    <test started-at="2024-02-29T12:52:27 IST" name="CHROME" finished-at="2024-02-29T12:55:44 IST" duration-ms="197333">
      <class name="testCase.TC_001_WebDevelopmentTest">
        <test-method is-config="true" signature="setUp(java.lang.String,java.lang.String)[pri:0, instance:testCase.TC_001_WebDevelopmentTest@2b71e916]" started-at="2024-02-29T12:52:28 IST" name="setUp" finished-at="2024-02-29T12:52:59 IST" duration-ms="31346" status="PASS">
          <params>
            <param index="0">
              <value>
                <![CDATA[windows]]>
              </value>
            </param>
            <param index="1">
              <value>
                <![CDATA[chrome]]>
              </value>
            </param>
          </params>
          <reporter-output>
          </reporter-output>
        </test-method> <!-- setUp -->
        <test-method signature="validate_home_page()[pri:1, instance:testCase.TC_001_WebDevelopmentTest@2b71e916]" started-at="2024-02-29T12:52:59 IST" name="validate_home_page" finished-at="2024-02-29T12:53:00 IST" duration-ms="543" status="PASS">
          <reporter-output>
          </reporter-output>
        </test-method> <!-- validate_home_page -->
        <test-method signature="validate_course_search()[pri:2, instance:testCase.TC_001_WebDevelopmentTest@2b71e916]" started-at="2024-02-29T12:53:00 IST" name="validate_course_search" finished-at="2024-02-29T12:53:11 IST" duration-ms="10812" status="PASS">
          <reporter-output>
          </reporter-output>
        </test-method> <!-- validate_course_search -->
        <test-method signature="validate_language()[pri:3, instance:testCase.TC_001_WebDevelopmentTest@2b71e916]" started-at="2024-02-29T12:53:11 IST" name="validate_language" finished-at="2024-02-29T12:53:16 IST" duration-ms="4208" status="PASS">
          <reporter-output>
          </reporter-output>
        </test-method> <!-- validate_language -->
        <test-method signature="validate_level()[pri:4, instance:testCase.TC_001_WebDevelopmentTest@2b71e916]" started-at="2024-02-29T12:53:16 IST" name="validate_level" finished-at="2024-02-29T12:53:20 IST" duration-ms="4020" status="PASS">
          <reporter-output>
          </reporter-output>
        </test-method> <!-- validate_level -->
        <test-method signature="validate_course1()[pri:5, instance:testCase.TC_001_WebDevelopmentTest@2b71e916]" started-at="2024-02-29T12:53:20 IST" name="validate_course1" finished-at="2024-02-29T12:53:39 IST" duration-ms="18560" status="PASS">
          <reporter-output>
          </reporter-output>
        </test-method> <!-- validate_course1 -->
        <test-method signature="validate_course2()[pri:6, instance:testCase.TC_001_WebDevelopmentTest@2b71e916]" started-at="2024-02-29T12:53:39 IST" name="validate_course2" finished-at="2024-02-29T12:53:52 IST" duration-ms="12445" status="PASS">
          <reporter-output>
          </reporter-output>
        </test-method> <!-- validate_course2 -->
        <test-method is-config="true" signature="tearDown()[pri:0, instance:testCase.TC_001_WebDevelopmentTest@2b71e916]" started-at="2024-02-29T12:55:43 IST" name="tearDown" finished-at="2024-02-29T12:55:44 IST" duration-ms="1595" status="PASS">
          <reporter-output>
          </reporter-output>
        </test-method> <!-- tearDown -->
      </class> <!-- testCase.TC_001_WebDevelopmentTest -->
      <class name="testCase.TC_003_ReadyToTransformTest">
        <test-method signature="verify_coursera_page()[pri:10, instance:testCase.TC_003_ReadyToTransformTest@776aec5c]" started-at="2024-02-29T12:54:02 IST" name="verify_coursera_page" finished-at="2024-02-29T12:54:28 IST" duration-ms="25730" status="PASS">
          <reporter-output>
          </reporter-output>
        </test-method> <!-- verify_coursera_page -->
        <test-method signature="verify_enterprise_page()[pri:11, instance:testCase.TC_003_ReadyToTransformTest@776aec5c]" started-at="2024-02-29T12:54:28 IST" name="verify_enterprise_page" finished-at="2024-02-29T12:54:40 IST" duration-ms="11915" status="PASS">
          <reporter-output>
          </reporter-output>
        </test-method> <!-- verify_enterprise_page -->
        <test-method signature="verify_products()[pri:12, instance:testCase.TC_003_ReadyToTransformTest@776aec5c]" started-at="2024-02-29T12:54:40 IST" name="verify_products" finished-at="2024-02-29T12:54:50 IST" duration-ms="9155" status="PASS">
          <reporter-output>
          </reporter-output>
        </test-method> <!-- verify_products -->
        <test-method signature="validate_campus_page()[pri:13, instance:testCase.TC_003_ReadyToTransformTest@776aec5c]" started-at="2024-02-29T12:54:51 IST" name="validate_campus_page" finished-at="2024-02-29T12:54:51 IST" duration-ms="205" status="PASS">
          <reporter-output>
          </reporter-output>
        </test-method> <!-- validate_campus_page -->
        <test-method signature="validate_first_name()[pri:14, instance:testCase.TC_003_ReadyToTransformTest@776aec5c]" started-at="2024-02-29T12:54:51 IST" name="validate_first_name" finished-at="2024-02-29T12:54:52 IST" duration-ms="375" status="PASS">
          <reporter-output>
          </reporter-output>
        </test-method> <!-- validate_first_name -->
        <test-method signature="validate_last_name()[pri:15, instance:testCase.TC_003_ReadyToTransformTest@776aec5c]" started-at="2024-02-29T12:54:52 IST" name="validate_last_name" finished-at="2024-02-29T12:54:52 IST" duration-ms="348" status="PASS">
          <reporter-output>
          </reporter-output>
        </test-method> <!-- validate_last_name -->
        <test-method signature="validate_institution_type()[pri:16, instance:testCase.TC_003_ReadyToTransformTest@776aec5c]" started-at="2024-02-29T12:54:53 IST" name="validate_institution_type" finished-at="2024-02-29T12:54:53 IST" duration-ms="312" status="PASS">
          <reporter-output>
          </reporter-output>
        </test-method> <!-- validate_institution_type -->
        <test-method signature="validate_institution_name()[pri:17, instance:testCase.TC_003_ReadyToTransformTest@776aec5c]" started-at="2024-02-29T12:54:53 IST" name="validate_institution_name" finished-at="2024-02-29T12:54:53 IST" duration-ms="291" status="PASS">
          <reporter-output>
          </reporter-output>
        </test-method> <!-- validate_institution_name -->
        <test-method signature="validate_job_role()[pri:18, instance:testCase.TC_003_ReadyToTransformTest@776aec5c]" started-at="2024-02-29T12:54:54 IST" name="validate_job_role" finished-at="2024-02-29T12:54:54 IST" duration-ms="277" status="PASS">
          <reporter-output>
          </reporter-output>
        </test-method> <!-- validate_job_role -->
        <test-method signature="validate_department()[pri:19, instance:testCase.TC_003_ReadyToTransformTest@776aec5c]" started-at="2024-02-29T12:54:54 IST" name="validate_department" finished-at="2024-02-29T12:54:57 IST" duration-ms="3246" status="PASS">
          <reporter-output>
          </reporter-output>
        </test-method> <!-- validate_department -->
        <test-method signature="validate_description()[pri:20, instance:testCase.TC_003_ReadyToTransformTest@776aec5c]" started-at="2024-02-29T12:54:58 IST" name="validate_description" finished-at="2024-02-29T12:54:58 IST" duration-ms="221" status="PASS">
          <reporter-output>
          </reporter-output>
        </test-method> <!-- validate_description -->
        <test-method signature="validate_country()[pri:21, instance:testCase.TC_003_ReadyToTransformTest@776aec5c]" started-at="2024-02-29T12:54:58 IST" name="validate_country" finished-at="2024-02-29T12:55:29 IST" duration-ms="30353" status="PASS">
          <reporter-output>
          </reporter-output>
        </test-method> <!-- validate_country -->
        <test-method signature="validate_input(java.lang.String,java.lang.String,java.lang.String)[pri:22, instance:testCase.TC_003_ReadyToTransformTest@776aec5c]" started-at="2024-02-29T12:55:29 IST" name="validate_input" data-provider="FormData" finished-at="2024-02-29T12:55:33 IST" duration-ms="3929" status="PASS">
          <params>
            <param index="0">
              <value>
                <![CDATA[abc@.gmail.com]]>
              </value>
            </param>
            <param index="1">
              <value>
                <![CDATA[9876543210]]>
              </value>
            </param>
            <param index="2">
              <value>
                <![CDATA[Invalid]]>
              </value>
            </param>
          </params>
          <reporter-output>
          </reporter-output>
        </test-method> <!-- validate_input -->
        <test-method signature="validate_input(java.lang.String,java.lang.String,java.lang.String)[pri:22, instance:testCase.TC_003_ReadyToTransformTest@776aec5c]" started-at="2024-02-29T12:55:34 IST" name="validate_input" data-provider="FormData" finished-at="2024-02-29T12:55:38 IST" duration-ms="4359" status="PASS">
          <params>
            <param index="0">
              <value>
                <![CDATA[abc@gmail.com]]>
              </value>
            </param>
            <param index="1">
              <value>
                <![CDATA[qwerty]]>
              </value>
            </param>
            <param index="2">
              <value>
                <![CDATA[Invalid]]>
              </value>
            </param>
          </params>
          <reporter-output>
          </reporter-output>
        </test-method> <!-- validate_input -->
        <test-method signature="validate_input(java.lang.String,java.lang.String,java.lang.String)[pri:22, instance:testCase.TC_003_ReadyToTransformTest@776aec5c]" started-at="2024-02-29T12:55:38 IST" name="validate_input" data-provider="FormData" finished-at="2024-02-29T12:55:42 IST" duration-ms="3970" status="PASS">
          <params>
            <param index="0">
              <value>
                <![CDATA[abc@.gmail.com]]>
              </value>
            </param>
            <param index="1">
              <value>
                <![CDATA[qwerty]]>
              </value>
            </param>
            <param index="2">
              <value>
                <![CDATA[Invalid]]>
              </value>
            </param>
          </params>
          <reporter-output>
          </reporter-output>
        </test-method> <!-- validate_input -->
      </class> <!-- testCase.TC_003_ReadyToTransformTest -->
      <class name="testCase.TC_002_LanguageLearningTest">
        <test-method signature="validate_language_learning_search()[pri:7, instance:testCase.TC_002_LanguageLearningTest@5b7a5baa]" started-at="2024-02-29T12:53:52 IST" name="validate_language_learning_search" finished-at="2024-02-29T12:53:56 IST" duration-ms="3164" status="PASS">
          <reporter-output>
          </reporter-output>
        </test-method> <!-- validate_language_learning_search -->
        <test-method signature="validate_language()[pri:8, instance:testCase.TC_002_LanguageLearningTest@5b7a5baa]" started-at="2024-02-29T12:53:56 IST" name="validate_language" finished-at="2024-02-29T12:54:00 IST" duration-ms="4128" status="PASS">
          <reporter-output>
          </reporter-output>
        </test-method> <!-- validate_language -->
        <test-method signature="validate_level()[pri:9, instance:testCase.TC_002_LanguageLearningTest@5b7a5baa]" started-at="2024-02-29T12:54:00 IST" name="validate_level" finished-at="2024-02-29T12:54:01 IST" duration-ms="786" status="PASS">
          <reporter-output>
          </reporter-output>
        </test-method> <!-- validate_level -->
      </class> <!-- testCase.TC_002_LanguageLearningTest -->
    </test> <!-- CHROME -->
  </suite> <!-- Suite -->
</testng-results>
