<?xml version="1.0" encoding="UTF-8"?>
<testsuite xmlns:xsi="http://www.w3.org/2001/XMLSchema-instance" xsi:noNamespaceSchemaLocation="https://maven.apache.org/surefire/maven-surefire-plugin/xsd/surefire-test-report-3.0.xsd" version="3.0" name="TestSuite" time="211.292" tests="24" errors="0" skipped="0" failures="0">
  <properties>
[...]
</properties>
  <testcase name="validate_home_page" classname="testCase.TC_001_WebDevelopmentTest" time="0.992">
    <system-err><![CDATA[SLF4J(W): No SLF4J providers were found.
SLF4J(W): Defaulting to no-operation (NOP) logger implementation
SLF4J(W): See https://www.slf4j.org/codes.html#noProviders for further details.
]]></system-err>
  </testcase>
  <testcase name="validate_course_search" classname="testCase.TC_001_WebDevelopmentTest" time="11.261"/>
  <testcase name="validate_language" classname="testCase.TC_001_WebDevelopmentTest" time="4.567"/>
  <testcase name="validate_level" classname="testCase.TC_001_WebDevelopmentTest" time="4.397"/>
  <testcase name="validate_course1" classname="testCase.TC_001_WebDevelopmentTest" time="19.045">
    <system-out><![CDATA[Meta Front-End Developer
Rating: 4.7
7 months at 6 hours a week
]]></system-out>
  </testcase>
  <testcase name="validate_course2" classname="testCase.TC_001_WebDevelopmentTest" time="13.12">
    <system-out><![CDATA[Introduction to Web Development
4.7
Approx. 21 hours to complete
]]></system-out>
  </testcase>
  <testcase name="validate_language_learning_search" classname="testCase.TC_002_LanguageLearningTest" time="3.469"/>
  <testcase name="validate_language" classname="testCase.TC_002_LanguageLearningTest" time="4.448">
    <system-out><![CDATA[
****************************************************
LANGUAGES:

Total number of languages available: 24
English (1,645)
Spanish (1,101)
Arabic (1,012)
French (997)
Chinese (China) (993)
Portuguese (Brazil) (988)
German (977)
Indonesian (976)
Hindi (972)
Italian (971)
Swedish (970)
Dutch (969)
Greek (969)
Polish (969)
Thai (969)
Turkish (969)
Ukrainian (969)
Russian (946)
Kazakh (894)
Hungarian (697)
Japanese (90)
Korean (88)
Chinese (Traditional) (5)
Hebrew (2)
]]></system-out>
  </testcase>
  <testcase name="validate_level" classname="testCase.TC_002_LanguageLearningTest" time="1.418">
    <system-out><![CDATA[
****************************************************
LEVEL:

Total number of level available: 4
Beginner (884)
Intermediate (779)
Advanced (80)
Mixed (149)
]]></system-out>
  </testcase>
  <testcase name="verify_coursera_page" classname="testCase.TC_003_ReadyToTransformTest" time="26.391"/>
  <testcase name="verify_enterprise_page" classname="testCase.TC_003_ReadyToTransformTest" time="12.195"/>
  <testcase name="verify_products" classname="testCase.TC_003_ReadyToTransformTest" time="10.225"/>
  <testcase name="validate_campus_page" classname="testCase.TC_003_ReadyToTransformTest" time="0.677"/>
  <testcase name="validate_first_name" classname="testCase.TC_003_ReadyToTransformTest" time="0.613"/>
  <testcase name="validate_last_name" classname="testCase.TC_003_ReadyToTransformTest" time="0.602"/>
  <testcase name="validate_institution_type" classname="testCase.TC_003_ReadyToTransformTest" time="0.583"/>
  <testcase name="validate_institution_name" classname="testCase.TC_003_ReadyToTransformTest" time="0.568"/>
  <testcase name="validate_job_role" classname="testCase.TC_003_ReadyToTransformTest" time="0.572"/>
  <testcase name="validate_department" classname="testCase.TC_003_ReadyToTransformTest" time="3.546"/>
  <testcase name="validate_description" classname="testCase.TC_003_ReadyToTransformTest" time="0.523"/>
  <testcase name="validate_country" classname="testCase.TC_003_ReadyToTransformTest" time="30.637"/>
  <testcase name="validate_input[abc@.gmail.com, 9876543210, Invalid](1)" classname="testCase.TC_003_ReadyToTransformTest" time="4.236"/>
  <testcase name="validate_input[abc@gmail.com, qwerty, Invalid](2)" classname="testCase.TC_003_ReadyToTransformTest" time="4.681"/>
  <testcase name="validate_input[abc@.gmail.com, qwerty, Invalid](3)" classname="testCase.TC_003_ReadyToTransformTest" time="4.298"/>
</testsuite>