<?xml version="1.0" encoding="UTF-8"?>
<testng-results ignored="0" total="24" passed="24" failed="0" skipped="0">
  <reporter-output>
  </reporter-output>
  <suite started-at="2024-02-29T17:13:02 IST" name="Suite" finished-at="2024-02-29T17:17:36 IST" duration-ms="274443">
    <groups>
      <group name="regression">
        <method signature="TC_001_WebDevelopmentTest.validate_course_search()[pri:2, instance:testCase.TC_001_WebDevelopmentTest@65f8f5ae]" name="validate_course_search" class="testCase.TC_001_WebDevelopmentTest"/>
        <method signature="TC_001_WebDevelopmentTest.validate_language()[pri:3, instance:testCase.TC_001_WebDevelopmentTest@65f8f5ae]" name="validate_language" class="testCase.TC_001_WebDevelopmentTest"/>
        <method signature="TC_001_WebDevelopmentTest.validate_level()[pri:4, instance:testCase.TC_001_WebDevelopmentTest@65f8f5ae]" name="validate_level" class="testCase.TC_001_WebDevelopmentTest"/>
        <method signature="TC_001_WebDevelopmentTest.validate_course1()[pri:5, instance:testCase.TC_001_WebDevelopmentTest@65f8f5ae]" name="validate_course1" class="testCase.TC_001_WebDevelopmentTest"/>
        <method signature="TC_001_WebDevelopmentTest.validate_course2()[pri:6, instance:testCase.TC_001_WebDevelopmentTest@65f8f5ae]" name="validate_course2" class="testCase.TC_001_WebDevelopmentTest"/>
        <method signature="TC_002_LanguageLearningTest.validate_language()[pri:8, instance:testCase.TC_002_LanguageLearningTest@5e7cd6cc]" name="validate_language" class="testCase.TC_002_LanguageLearningTest"/>
        <method signature="TC_002_LanguageLearningTest.validate_level()[pri:9, instance:testCase.TC_002_LanguageLearningTest@5e7cd6cc]" name="validate_level" class="testCase.TC_002_LanguageLearningTest"/>
        <method signature="TC_003_ReadyToTransformTest.verify_coursera_page()[pri:10, instance:testCase.TC_003_ReadyToTransformTest@68c9d179]" name="verify_coursera_page" class="testCase.TC_003_ReadyToTransformTest"/>
        <method signature="TC_003_ReadyToTransformTest.verify_enterprise_page()[pri:11, instance:testCase.TC_003_ReadyToTransformTest@68c9d179]" name="verify_enterprise_page" class="testCase.TC_003_ReadyToTransformTest"/>
        <method signature="TC_003_ReadyToTransformTest.verify_products()[pri:12, instance:testCase.TC_003_ReadyToTransformTest@68c9d179]" name="verify_products" class="testCase.TC_003_ReadyToTransformTest"/>
        <method signature="TC_003_ReadyToTransformTest.validate_campus_page()[pri:13, instance:testCase.TC_003_ReadyToTransformTest@68c9d179]" name="validate_campus_page" class="testCase.TC_003_ReadyToTransformTest"/>
        <method signature="TC_003_ReadyToTransformTest.validate_first_name()[pri:14, instance:testCase.TC_003_ReadyToTransformTest@68c9d179]" name="validate_first_name" class="testCase.TC_003_ReadyToTransformTest"/>
        <method signature="TC_003_ReadyToTransformTest.validate_last_name()[pri:15, instance:testCase.TC_003_ReadyToTransformTest@68c9d179]" name="validate_last_name" class="testCase.TC_003_ReadyToTransformTest"/>
        <method signature="TC_003_ReadyToTransformTest.validate_institution_type()[pri:16, instance:testCase.TC_003_ReadyToTransformTest@68c9d179]" name="validate_institution_type" class="testCase.TC_003_ReadyToTransformTest"/>
        <method signature="TC_003_ReadyToTransformTest.validate_institution_name()[pri:17, instance:testCase.TC_003_ReadyToTransformTest@68c9d179]" name="validate_institution_name" class="testCase.TC_003_ReadyToTransformTest"/>
        <method signature="TC_003_ReadyToTransformTest.validate_job_role()[pri:18, instance:testCase.TC_003_ReadyToTransformTest@68c9d179]" name="validate_job_role" class="testCase.TC_003_ReadyToTransformTest"/>
        <method signature="TC_003_ReadyToTransformTest.validate_department()[pri:19, instance:testCase.TC_003_ReadyToTransformTest@68c9d179]" name="validate_department" class="testCase.TC_003_ReadyToTransformTest"/>
        <method signature="TC_003_ReadyToTransformTest.validate_description()[pri:20, instance:testCase.TC_003_ReadyToTransformTest@68c9d179]" name="validate_description" class="testCase.TC_003_ReadyToTransformTest"/>
        <method signature="TC_003_ReadyToTransformTest.validate_country()[pri:21, instance:testCase.TC_003_ReadyToTransformTest@68c9d179]" name="validate_country" class="testCase.TC_003_ReadyToTransformTest"/>
        <method signature="TC_003_ReadyToTransformTest.validate_input(java.lang.String,java.lang.String,java.lang.String)[pri:22, instance:testCase.TC_003_ReadyToTransformTest@68c9d179]" name="validate_input" class="testCase.TC_003_ReadyToTransformTest"/>
      </group> <!-- regression -->
      <group name="sanity">
        <method signature="TC_001_WebDevelopmentTest.validate_home_page()[pri:1, instance:testCase.TC_001_WebDevelopmentTest@65f8f5ae]" name="validate_home_page" class="testCase.TC_001_WebDevelopmentTest"/>
        <method signature="TC_001_WebDevelopmentTest.validate_course_search()[pri:2, instance:testCase.TC_001_WebDevelopmentTest@65f8f5ae]" name="validate_course_search" class="testCase.TC_001_WebDevelopmentTest"/>
        <method signature="TC_002_LanguageLearningTest.validate_language_learning_search()[pri:7, instance:testCase.TC_002_LanguageLearningTest@5e7cd6cc]" name="validate_language_learning_search" class="testCase.TC_002_LanguageLearningTest"/>
        <method signature="TC_003_ReadyToTransformTest.verify_coursera_page()[pri:10, instance:testCase.TC_003_ReadyToTransformTest@68c9d179]" name="verify_coursera_page" class="testCase.TC_003_ReadyToTransformTest"/>
        <method signature="TC_003_ReadyToTransformTest.verify_enterprise_page()[pri:11, instance:testCase.TC_003_ReadyToTransformTest@68c9d179]" name="verify_enterprise_page" class="testCase.TC_003_ReadyToTransformTest"/>
        <method signature="TC_003_ReadyToTransformTest.verify_products()[pri:12, instance:testCase.TC_003_ReadyToTransformTest@68c9d179]" name="verify_products" class="testCase.TC_003_ReadyToTransformTest"/>
        <method signature="TC_003_ReadyToTransformTest.validate_campus_page()[pri:13, instance:testCase.TC_003_ReadyToTransformTest@68c9d179]" name="validate_campus_page" class="testCase.TC_003_ReadyToTransformTest"/>
      </group> <!-- sanity -->
    </groups>
    <test started-at="2024-02-29T17:13:02 IST" name="CHROME" finished-at="2024-02-29T17:17:36 IST" duration-ms="274443">
      <class name="testCase.TC_001_WebDevelopmentTest">
        <test-method is-config="true" signature="setUp(java.lang.String,java.lang.String)[pri:0, instance:testCase.TC_001_WebDevelopmentTest@65f8f5ae]" started-at="2024-02-29T17:13:03 IST" name="setUp" finished-at="2024-02-29T17:13:26 IST" duration-ms="22964" status="PASS">
          <params>
            <param index="0">
              <value>
                <![CDATA[windows]]>
              </value>
            </param>
            <param index="1">
              <value>
                <![CDATA[chrome]]>
              </value>
            </param>
          </params>
          <reporter-output>
          </reporter-output>
        </test-method> <!-- setUp -->
        <test-method signature="validate_home_page()[pri:1, instance:testCase.TC_001_WebDevelopmentTest@65f8f5ae]" started-at="2024-02-29T17:13:26 IST" name="validate_home_page" finished-at="2024-02-29T17:13:26 IST" duration-ms="390" status="PASS">
          <reporter-output>
          </reporter-output>
        </test-method> <!-- validate_home_page -->
        <test-method signature="validate_course_search()[pri:2, instance:testCase.TC_001_WebDevelopmentTest@65f8f5ae]" started-at="2024-02-29T17:13:26 IST" name="validate_course_search" finished-at="2024-02-29T17:13:38 IST" duration-ms="11346" status="PASS">
          <reporter-output>
          </reporter-output>
        </test-method> <!-- validate_course_search -->
        <test-method signature="validate_language()[pri:3, instance:testCase.TC_001_WebDevelopmentTest@65f8f5ae]" started-at="2024-02-29T17:13:38 IST" name="validate_language" finished-at="2024-02-29T17:13:42 IST" duration-ms="3702" status="PASS">
          <reporter-output>
          </reporter-output>
        </test-method> <!-- validate_language -->
        <test-method signature="validate_level()[pri:4, instance:testCase.TC_001_WebDevelopmentTest@65f8f5ae]" started-at="2024-02-29T17:13:42 IST" name="validate_level" finished-at="2024-02-29T17:13:46 IST" duration-ms="3725" status="PASS">
          <reporter-output>
          </reporter-output>
        </test-method> <!-- validate_level -->
        <test-method signature="validate_course1()[pri:5, instance:testCase.TC_001_WebDevelopmentTest@65f8f5ae]" started-at="2024-02-29T17:13:46 IST" name="validate_course1" finished-at="2024-02-29T17:14:04 IST" duration-ms="17577" status="PASS">
          <reporter-output>
          </reporter-output>
        </test-method> <!-- validate_course1 -->
        <test-method signature="validate_course2()[pri:6, instance:testCase.TC_001_WebDevelopmentTest@65f8f5ae]" started-at="2024-02-29T17:14:04 IST" name="validate_course2" finished-at="2024-02-29T17:14:16 IST" duration-ms="11743" status="PASS">
          <reporter-output>
          </reporter-output>
        </test-method> <!-- validate_course2 -->
        <test-method is-config="true" signature="tearDown()[pri:0, instance:testCase.TC_001_WebDevelopmentTest@65f8f5ae]" started-at="2024-02-29T17:17:35 IST" name="tearDown" finished-at="2024-02-29T17:17:36 IST" duration-ms="1237" status="PASS">
          <reporter-output>
          </reporter-output>
        </test-method> <!-- tearDown -->
      </class> <!-- testCase.TC_001_WebDevelopmentTest -->
      <class name="testCase.TC_003_ReadyToTransformTest">
        <test-method signature="verify_coursera_page()[pri:10, instance:testCase.TC_003_ReadyToTransformTest@68c9d179]" started-at="2024-02-29T17:14:25 IST" name="verify_coursera_page" finished-at="2024-02-29T17:14:47 IST" duration-ms="22114" status="PASS">
          <reporter-output>
          </reporter-output>
        </test-method> <!-- verify_coursera_page -->
        <test-method signature="verify_enterprise_page()[pri:11, instance:testCase.TC_003_ReadyToTransformTest@68c9d179]" started-at="2024-02-29T17:14:47 IST" name="verify_enterprise_page" finished-at="2024-02-29T17:15:01 IST" duration-ms="13112" status="PASS">
          <reporter-output>
          </reporter-output>
        </test-method> <!-- verify_enterprise_page -->
        <test-method signature="verify_products()[pri:12, instance:testCase.TC_003_ReadyToTransformTest@68c9d179]" started-at="2024-02-29T17:15:01 IST" name="verify_products" finished-at="2024-02-29T17:15:09 IST" duration-ms="8464" status="PASS">
          <reporter-output>
          </reporter-output>
        </test-method> <!-- verify_products -->
        <test-method signature="validate_campus_page()[pri:13, instance:testCase.TC_003_ReadyToTransformTest@68c9d179]" started-at="2024-02-29T17:15:10 IST" name="validate_campus_page" finished-at="2024-02-29T17:15:10 IST" duration-ms="161" status="PASS">
          <reporter-output>
          </reporter-output>
        </test-method> <!-- validate_campus_page -->
        <test-method signature="validate_first_name()[pri:14, instance:testCase.TC_003_ReadyToTransformTest@68c9d179]" started-at="2024-02-29T17:15:11 IST" name="validate_first_name" finished-at="2024-02-29T17:15:11 IST" duration-ms="442" status="PASS">
          <reporter-output>
          </reporter-output>
        </test-method> <!-- validate_first_name -->
        <test-method signature="validate_last_name()[pri:15, instance:testCase.TC_003_ReadyToTransformTest@68c9d179]" started-at="2024-02-29T17:15:11 IST" name="validate_last_name" finished-at="2024-02-29T17:15:12 IST" duration-ms="457" status="PASS">
          <reporter-output>
          </reporter-output>
        </test-method> <!-- validate_last_name -->
        <test-method signature="validate_institution_type()[pri:16, instance:testCase.TC_003_ReadyToTransformTest@68c9d179]" started-at="2024-02-29T17:15:12 IST" name="validate_institution_type" finished-at="2024-02-29T17:15:12 IST" duration-ms="258" status="PASS">
          <reporter-output>
          </reporter-output>
        </test-method> <!-- validate_institution_type -->
        <test-method signature="validate_institution_name()[pri:17, instance:testCase.TC_003_ReadyToTransformTest@68c9d179]" started-at="2024-02-29T17:15:13 IST" name="validate_institution_name" finished-at="2024-02-29T17:15:13 IST" duration-ms="291" status="PASS">
          <reporter-output>
          </reporter-output>
        </test-method> <!-- validate_institution_name -->
        <test-method signature="validate_job_role()[pri:18, instance:testCase.TC_003_ReadyToTransformTest@68c9d179]" started-at="2024-02-29T17:15:13 IST" name="validate_job_role" finished-at="2024-02-29T17:15:14 IST" duration-ms="293" status="PASS">
          <reporter-output>
          </reporter-output>
        </test-method> <!-- validate_job_role -->
        <test-method signature="validate_department()[pri:19, instance:testCase.TC_003_ReadyToTransformTest@68c9d179]" started-at="2024-02-29T17:15:14 IST" name="validate_department" finished-at="2024-02-29T17:15:17 IST" duration-ms="3346" status="PASS">
          <reporter-output>
          </reporter-output>
        </test-method> <!-- validate_department -->
        <test-method signature="validate_description()[pri:20, instance:testCase.TC_003_ReadyToTransformTest@68c9d179]" started-at="2024-02-29T17:15:17 IST" name="validate_description" finished-at="2024-02-29T17:15:18 IST" duration-ms="253" status="PASS">
          <reporter-output>
          </reporter-output>
        </test-method> <!-- validate_description -->
        <test-method signature="validate_country()[pri:21, instance:testCase.TC_003_ReadyToTransformTest@68c9d179]" started-at="2024-02-29T17:15:18 IST" name="validate_country" finished-at="2024-02-29T17:15:48 IST" duration-ms="30391" status="PASS">
          <reporter-output>
          </reporter-output>
        </test-method> <!-- validate_country -->
        <test-method signature="validate_input(java.lang.String,java.lang.String,java.lang.String)[pri:22, instance:testCase.TC_003_ReadyToTransformTest@68c9d179]" started-at="2024-02-29T17:15:49 IST" name="validate_input" data-provider="FormData" finished-at="2024-02-29T17:16:24 IST" duration-ms="35216" status="PASS">
          <params>
            <param index="0">
              <value>
                <![CDATA[abc@.gmail.com]]>
              </value>
            </param>
            <param index="1">
              <value>
                <![CDATA[9876543210]]>
              </value>
            </param>
            <param index="2">
              <value>
                <![CDATA[Invalid]]>
              </value>
            </param>
          </params>
          <reporter-output>
          </reporter-output>
        </test-method> <!-- validate_input -->
        <test-method signature="validate_input(java.lang.String,java.lang.String,java.lang.String)[pri:22, instance:testCase.TC_003_ReadyToTransformTest@68c9d179]" started-at="2024-02-29T17:16:25 IST" name="validate_input" data-provider="FormData" finished-at="2024-02-29T17:16:59 IST" duration-ms="34817" status="PASS">
          <params>
            <param index="0">
              <value>
                <![CDATA[abc@gmail.com]]>
              </value>
            </param>
            <param index="1">
              <value>
                <![CDATA[qwerty]]>
              </value>
            </param>
            <param index="2">
              <value>
                <![CDATA[Invalid]]>
              </value>
            </param>
          </params>
          <reporter-output>
          </reporter-output>
        </test-method> <!-- validate_input -->
        <test-method signature="validate_input(java.lang.String,java.lang.String,java.lang.String)[pri:22, instance:testCase.TC_003_ReadyToTransformTest@68c9d179]" started-at="2024-02-29T17:17:00 IST" name="validate_input" data-provider="FormData" finished-at="2024-02-29T17:17:35 IST" duration-ms="35018" status="PASS">
          <params>
            <param index="0">
              <value>
                <![CDATA[abc@.gmail.com]]>
              </value>
            </param>
            <param index="1">
              <value>
                <![CDATA[qwerty]]>
              </value>
            </param>
            <param index="2">
              <value>
                <![CDATA[Invalid]]>
              </value>
            </param>
          </params>
          <reporter-output>
          </reporter-output>
        </test-method> <!-- validate_input -->
      </class> <!-- testCase.TC_003_ReadyToTransformTest -->
      <class name="testCase.TC_002_LanguageLearningTest">
        <test-method signature="validate_language_learning_search()[pri:7, instance:testCase.TC_002_LanguageLearningTest@5e7cd6cc]" started-at="2024-02-29T17:14:16 IST" name="validate_language_learning_search" finished-at="2024-02-29T17:14:19 IST" duration-ms="3055" status="PASS">
          <reporter-output>
          </reporter-output>
        </test-method> <!-- validate_language_learning_search -->
        <test-method signature="validate_language()[pri:8, instance:testCase.TC_002_LanguageLearningTest@5e7cd6cc]" started-at="2024-02-29T17:14:20 IST" name="validate_language" finished-at="2024-02-29T17:14:23 IST" duration-ms="3671" status="PASS">
          <reporter-output>
          </reporter-output>
        </test-method> <!-- validate_language -->
        <test-method signature="validate_level()[pri:9, instance:testCase.TC_002_LanguageLearningTest@5e7cd6cc]" started-at="2024-02-29T17:14:24 IST" name="validate_level" finished-at="2024-02-29T17:14:24 IST" duration-ms="579" status="PASS">
          <reporter-output>
          </reporter-output>
        </test-method> <!-- validate_level -->
      </class> <!-- testCase.TC_002_LanguageLearningTest -->
    </test> <!-- CHROME -->
  </suite> <!-- Suite -->
</testng-results>
